1525797779.877221 client started (6067): version 2.5, socket /private/tmp/tmux-502/default, protocol 8
1525797779.877304 on Darwin 17.5.0 Darwin Kernel Version 17.5.0: Fri Apr 13 19:32:32 PDT 2018; root:xnu-4570.51.2~1/RELEASE_X86_64; libevent 2.1.8-stable (select)
1525797779.877381 socket is /private/tmp/tmux-502/default
1525797779.877417 trying connect
1525797779.877556 add peer 0x7faa6a010000: 6 (0x0)
1525797779.879755 sending message 100 to peer 0x7faa6a010000 (4 bytes)
1525797779.879789 sending message 101 to peer 0x7faa6a010000 (15 bytes)
1525797779.879803 sending message 102 to peer 0x7faa6a010000 (13 bytes)
1525797779.879814 sending message 108 to peer 0x7faa6a010000 (58 bytes)
1525797779.879839 sending message 104 to peer 0x7faa6a010000 (0 bytes)
1525797779.879851 sending message 107 to peer 0x7faa6a010000 (4 bytes)
1525797779.879862 sending message 105 to peer 0x7faa6a010000 (40 bytes)
1525797779.879872 sending message 105 to peer 0x7faa6a010000 (23 bytes)
1525797779.879883 sending message 105 to peer 0x7faa6a010000 (48 bytes)
1525797779.879894 sending message 105 to peer 0x7faa6a010000 (20 bytes)
1525797779.879907 sending message 105 to peer 0x7faa6a010000 (16 bytes)
1525797779.879918 sending message 105 to peer 0x7faa6a010000 (57 bytes)
1525797779.879928 sending message 105 to peer 0x7faa6a010000 (54 bytes)
1525797779.879939 sending message 105 to peer 0x7faa6a010000 (76 bytes)
1525797779.879949 sending message 105 to peer 0x7faa6a010000 (27 bytes)
1525797779.879960 sending message 105 to peer 0x7faa6a010000 (51 bytes)
1525797779.879970 sending message 105 to peer 0x7faa6a010000 (60 bytes)
1525797779.879981 sending message 105 to peer 0x7faa6a010000 (54 bytes)
1525797779.879991 sending message 105 to peer 0x7faa6a010000 (16 bytes)
1525797779.880002 sending message 105 to peer 0x7faa6a010000 (20 bytes)
1525797779.880026 sending message 105 to peer 0x7faa6a010000 (22 bytes)
1525797779.880036 sending message 105 to peer 0x7faa6a010000 (32 bytes)
1525797779.880046 sending message 105 to peer 0x7faa6a010000 (66 bytes)
1525797779.880056 sending message 105 to peer 0x7faa6a010000 (38 bytes)
1525797779.880066 sending message 105 to peer 0x7faa6a010000 (42 bytes)
1525797779.880076 sending message 105 to peer 0x7faa6a010000 (29 bytes)
1525797779.880086 sending message 105 to peer 0x7faa6a010000 (468 bytes)
1525797779.880100 sending message 105 to peer 0x7faa6a010000 (62 bytes)
1525797779.880111 sending message 105 to peer 0x7faa6a010000 (22 bytes)
1525797779.880122 sending message 105 to peer 0x7faa6a010000 (20 bytes)
1525797779.880132 sending message 105 to peer 0x7faa6a010000 (14 bytes)
1525797779.880142 sending message 105 to peer 0x7faa6a010000 (14 bytes)
1525797779.880152 sending message 105 to peer 0x7faa6a010000 (72 bytes)
1525797779.880162 sending message 105 to peer 0x7faa6a010000 (22 bytes)
1525797779.880172 sending message 105 to peer 0x7faa6a010000 (19 bytes)
1525797779.880182 sending message 105 to peer 0x7faa6a010000 (28 bytes)
1525797779.880192 sending message 105 to peer 0x7faa6a010000 (8 bytes)
1525797779.880202 sending message 105 to peer 0x7faa6a010000 (23 bytes)
1525797779.880212 sending message 105 to peer 0x7faa6a010000 (15 bytes)
1525797779.880222 sending message 105 to peer 0x7faa6a010000 (61 bytes)
1525797779.880232 sending message 105 to peer 0x7faa6a010000 (19 bytes)
1525797779.880242 sending message 105 to peer 0x7faa6a010000 (15 bytes)
1525797779.880252 sending message 105 to peer 0x7faa6a010000 (94 bytes)
1525797779.880262 sending message 105 to peer 0x7faa6a010000 (28 bytes)
1525797779.880272 sending message 105 to peer 0x7faa6a010000 (24 bytes)
1525797779.880286 sending message 105 to peer 0x7faa6a010000 (24 bytes)
1525797779.880325 sending message 105 to peer 0x7faa6a010000 (17 bytes)
1525797779.880340 sending message 105 to peer 0x7faa6a010000 (20 bytes)
1525797779.880351 sending message 105 to peer 0x7faa6a010000 (22 bytes)
1525797779.880362 sending message 105 to peer 0x7faa6a010000 (17 bytes)
1525797779.880372 sending message 105 to peer 0x7faa6a010000 (15 bytes)
1525797779.880382 sending message 106 to peer 0x7faa6a010000 (0 bytes)
1525797779.880419 sending message 200 to peer 0x7faa6a010000 (4 bytes)
1525797779.880434 client loop enter
1525797779.880865 peer 0x7faa6a010000 message 211
1525797779.880905 peer 0x7faa6a010000 message 203
1525797779.880919 client loop exit
